# JRE version: Java(TM) SE Runtime Environment (8.0_411) (build 1.8.0_411-b09)
# Java VM: Java HotSpot(TM) 64-Bit Server VM (25.411-b09 mixed mode windows-amd64 compressed oops)
Heap:
 garbage-first heap   total 1703936K, used 227499K [0x00000006c0000000, 0x00000006c20001a0, 0x00000007c0000000)
  region size 32768K, 1 young (32768K), 1 survivors (32768K)
 Metaspace       used 52042K, capacity 57381K, committed 57468K, reserved 1097728K
  class space    used 7691K, capacity 9055K, committed 9084K, reserved 1048576K
GC Heap History (10 events):
Event: 9.856 GC heap after
Heap after GC invocations=15 (full 0):
 garbage-first heap   total 1048576K, used 218258K [0x00000006c0000000, 0x00000006c2000100, 0x00000007c0000000)
  region size 32768K, 1 young (32768K), 1 survivors (32768K)
 Metaspace       used 51135K, capacity 56209K, committed 56444K, reserved 1097728K
  class space    used 7483K, capacity 8743K, committed 8828K, reserved 1048576K
}
Event: 9.936 GC heap before
{Heap before GC invocations=15 (full 0):
 garbage-first heap   total 1048576K, used 382098K [0x00000006c0000000, 0x00000006c2000100, 0x00000007c0000000)
  region size 32768K, 6 young (196608K), 1 survivors (32768K)
 Metaspace       used 51247K, capacity 56361K, committed 56444K, reserved 1097728K
  class space    used 7514K, capacity 8783K, committed 8828K, reserved 1048576K
Event: 9.957 GC heap after
Heap after GC invocations=16 (full 0):
 garbage-first heap   total 1048576K, used 231401K [0x00000006c0000000, 0x00000006c2000100, 0x00000007c0000000)
  region size 32768K, 1 young (32768K), 1 survivors (32768K)
 Metaspace       used 51247K, capacity 56361K, committed 56444K, reserved 1097728K
  class space    used 7514K, capacity 8783K, committed 8828K, reserved 1048576K
}
Event: 10.037 GC heap before
{Heap before GC invocations=16 (full 0):
 garbage-first heap   total 1048576K, used 395241K [0x00000006c0000000, 0x00000006c2000100, 0x00000007c0000000)
  region size 32768K, 6 young (196608K), 1 survivors (32768K)
 Metaspace       used 51344K, capacity 56511K, committed 56700K, reserved 1097728K
  class space    used 7541K, capacity 8824K, committed 8828K, reserved 1048576K
Event: 10.059 GC heap after
Heap after GC invocations=17 (full 0):
 garbage-first heap   total 1048576K, used 227465K [0x00000006c0000000, 0x00000006c2000100, 0x00000007c0000000)
  region size 32768K, 1 young (32768K), 1 survivors (32768K)
 Metaspace       used 51344K, capacity 56511K, committed 56700K, reserved 1097728K
  class space    used 7541K, capacity 8824K, committed 8828K, reserved 1048576K
}
Event: 10.265 GC heap before
{Heap before GC invocations=17 (full 0):
 garbage-first heap   total 1048576K, used 522377K [0x00000006c0000000, 0x00000006c2000100, 0x00000007c0000000)
  region size 32768K, 10 young (327680K), 1 survivors (32768K)
 Metaspace       used 51529K, capacity 56707K, committed 56828K, reserved 1097728K
  class space    used 7584K, capacity 8894K, committed 8956K, reserved 1048576K
Event: 10.316 GC heap after
Heap after GC invocations=18 (full 0):
 garbage-first heap   total 1048576K, used 225264K [0x00000006c0000000, 0x00000006c2000100, 0x00000007c0000000)
  region size 32768K, 1 young (32768K), 1 survivors (32768K)
 Metaspace       used 51529K, capacity 56707K, committed 56828K, reserved 1097728K
  class space    used 7584K, capacity 8894K, committed 8956K, reserved 1048576K
}
Event: 10.382 GC heap before
{Heap before GC invocations=18 (full 0):
 garbage-first heap   total 1048576K, used 389104K [0x00000006c0000000, 0x00000006c2000100, 0x00000007c0000000)
  region size 32768K, 6 young (196608K), 1 survivors (32768K)
 Metaspace       used 51590K, capacity 56755K, committed 56828K, reserved 1097728K
  class space    used 7602K, capacity 8916K, committed 8956K, reserved 1048576K
Event: 10.391 GC heap after
Heap after GC invocations=19 (full 0):
 garbage-first heap   total 1048576K, used 227539K [0x00000006c0000000, 0x00000006c2000100, 0x00000007c0000000)
  region size 32768K, 1 young (32768K), 1 survivors (32768K)
 Metaspace       used 51590K, capacity 56755K, committed 56828K, reserved 1097728K
  class space    used 7602K, capacity 8916K, committed 8956K, reserved 1048576K
}
Event: 11.257 GC heap before
{Heap before GC invocations=19 (full 0):
 garbage-first heap   total 1048576K, used 719059K [0x00000006c0000000, 0x00000006c2000100, 0x00000007c0000000)
  region size 32768K, 16 young (524288K), 1 survivors (32768K)
 Metaspace       used 52042K, capacity 57381K, committed 57468K, reserved 1097728K
  class space    used 7691K, capacity 9055K, committed 9084K, reserved 1048576K

