# JRE version: Java(TM) SE Runtime Environment (8.0_411) (build 1.8.0_411-b09)
# Java VM: Java HotSpot(TM) 64-Bit Server VM (25.411-b09 mixed mode windows-amd64 compressed oops)
Heap:
 garbage-first heap   total 2621440K, used 243979K [0x00000006c0000000, 0x00000006c2000280, 0x00000007c0000000)
  region size 32768K, 1 young (32768K), 1 survivors (32768K)
 Metaspace       used 52243K, capacity 57581K, committed 57852K, reserved 1097728K
  class space    used 7728K, capacity 9093K, committed 9212K, reserved 1048576K
GC Heap History (10 events):
Event: 11.002 GC heap after
Heap after GC invocations=17 (full 0):
 garbage-first heap   total 1048576K, used 234761K [0x00000006c0000000, 0x00000006c2000100, 0x00000007c0000000)
  region size 32768K, 1 young (32768K), 1 survivors (32768K)
 Metaspace       used 50780K, capacity 55847K, committed 56060K, reserved 1097728K
  class space    used 7432K, capacity 8666K, committed 8700K, reserved 1048576K
}
Event: 11.853 GC heap before
{Heap before GC invocations=17 (full 0):
 garbage-first heap   total 1048576K, used 759049K [0x00000006c0000000, 0x00000006c2000100, 0x00000007c0000000)
  region size 32768K, 17 young (557056K), 1 survivors (32768K)
 Metaspace       used 51163K, capacity 56283K, committed 56444K, reserved 1097728K
  class space    used 7494K, capacity 8756K, committed 8828K, reserved 1048576K
Event: 11.888 GC heap after
Heap after GC invocations=18 (full 0):
 garbage-first heap   total 1048576K, used 236921K [0x00000006c0000000, 0x00000006c2000100, 0x00000007c0000000)
  region size 32768K, 1 young (32768K), 1 survivors (32768K)
 Metaspace       used 51163K, capacity 56283K, committed 56444K, reserved 1097728K
  class space    used 7494K, capacity 8756K, committed 8828K, reserved 1048576K
}
Event: 12.418 GC heap before
{Heap before GC invocations=18 (full 0):
 garbage-first heap   total 1048576K, used 761209K [0x00000006c0000000, 0x00000006c2000100, 0x00000007c0000000)
  region size 32768K, 17 young (557056K), 1 survivors (32768K)
 Metaspace       used 51527K, capacity 56711K, committed 56828K, reserved 1097728K
  class space    used 7592K, capacity 8906K, committed 8956K, reserved 1048576K
Event: 12.585 GC heap after
Heap after GC invocations=19 (full 0):
 garbage-first heap   total 1048576K, used 240211K [0x00000006c0000000, 0x00000006c2000100, 0x00000007c0000000)
  region size 32768K, 1 young (32768K), 1 survivors (32768K)
 Metaspace       used 51527K, capacity 56711K, committed 56828K, reserved 1097728K
  class space    used 7592K, capacity 8906K, committed 8956K, reserved 1048576K
}
Event: 12.721 GC heap before
{Heap before GC invocations=19 (full 0):
 garbage-first heap   total 1048576K, used 404051K [0x00000006c0000000, 0x00000006c2000100, 0x00000007c0000000)
  region size 32768K, 6 young (196608K), 1 survivors (32768K)
 Metaspace       used 51593K, capacity 56813K, committed 57084K, reserved 1097728K
  class space    used 7610K, capacity 8925K, committed 8956K, reserved 1048576K
Event: 12.741 GC heap after
Heap after GC invocations=20 (full 0):
 garbage-first heap   total 1703936K, used 244150K [0x00000006c0000000, 0x00000006c20001a0, 0x00000007c0000000)
  region size 32768K, 1 young (32768K), 1 survivors (32768K)
 Metaspace       used 51593K, capacity 56813K, committed 57084K, reserved 1097728K
  class space    used 7610K, capacity 8925K, committed 8956K, reserved 1048576K
}
Event: 13.815 GC heap before
{Heap before GC invocations=20 (full 0):
 garbage-first heap   total 1703936K, used 539062K [0x00000006c0000000, 0x00000006c20001a0, 0x00000007c0000000)
  region size 32768K, 10 young (327680K), 1 survivors (32768K)
 Metaspace       used 51682K, capacity 56883K, committed 57084K, reserved 1097728K
  class space    used 7632K, capacity 8956K, committed 8956K, reserved 1048576K
Event: 13.860 GC heap after
Heap after GC invocations=21 (full 0):
 garbage-first heap   total 2228224K, used 239414K [0x00000006c0000000, 0x00000006c2000220, 0x00000007c0000000)
  region size 32768K, 1 young (32768K), 1 survivors (32768K)
 Metaspace       used 51682K, capacity 56883K, committed 57084K, reserved 1097728K
  class space    used 7632K, capacity 8956K, committed 8956K, reserved 1048576K
}
Event: 14.536 GC heap before
{Heap before GC invocations=21 (full 0):
 garbage-first heap   total 2228224K, used 632630K [0x00000006c0000000, 0x00000006c2000220, 0x00000007c0000000)
  region size 32768K, 13 young (425984K), 1 survivors (32768K)
 Metaspace       used 52243K, capacity 57581K, committed 57852K, reserved 1097728K
  class space    used 7728K, capacity 9093K, committed 9212K, reserved 1048576K

