# JRE version: Java(TM) SE Runtime Environment (8.0_411) (build 1.8.0_411-b09)
# Java VM: Java HotSpot(TM) 64-Bit Server VM (25.411-b09 mixed mode windows-amd64 compressed oops)
Heap:
 garbage-first heap   total 1703936K, used 237284K [0x00000006c0000000, 0x00000006c20001a0, 0x00000007c0000000)
  region size 32768K, 1 young (32768K), 1 survivors (32768K)
 Metaspace       used 51499K, capacity 56687K, committed 56828K, reserved 1097728K
  class space    used 7577K, capacity 8880K, committed 8956K, reserved 1048576K
GC Heap History (10 events):
Event: 9.330 GC heap after
Heap after GC invocations=15 (full 0):
 garbage-first heap   total 1048576K, used 217540K [0x00000006c0000000, 0x00000006c2000100, 0x00000007c0000000)
  region size 32768K, 1 young (32768K), 1 survivors (32768K)
 Metaspace       used 50564K, capacity 55567K, committed 55676K, reserved 1095680K
  class space    used 7368K, capacity 8556K, committed 8572K, reserved 1048576K
}
Event: 9.421 GC heap before
{Heap before GC invocations=15 (full 0):
 garbage-first heap   total 1048576K, used 381380K [0x00000006c0000000, 0x00000006c2000100, 0x00000007c0000000)
  region size 32768K, 6 young (196608K), 1 survivors (32768K)
 Metaspace       used 50707K, capacity 55741K, committed 56060K, reserved 1097728K
  class space    used 7404K, capacity 8609K, committed 8700K, reserved 1048576K
Event: 9.453 GC heap after
Heap after GC invocations=16 (full 0):
 garbage-first heap   total 1048576K, used 240955K [0x00000006c0000000, 0x00000006c2000100, 0x00000007c0000000)
  region size 32768K, 1 young (32768K), 1 survivors (32768K)
 Metaspace       used 50707K, capacity 55741K, committed 56060K, reserved 1097728K
  class space    used 7404K, capacity 8609K, committed 8700K, reserved 1048576K
}
Event: 9.529 GC heap before
{Heap before GC invocations=16 (full 0):
 garbage-first heap   total 1048576K, used 404795K [0x00000006c0000000, 0x00000006c2000100, 0x00000007c0000000)
  region size 32768K, 6 young (196608K), 1 survivors (32768K)
 Metaspace       used 50771K, capacity 55813K, committed 56060K, reserved 1097728K
  class space    used 7422K, capacity 8661K, committed 8700K, reserved 1048576K
Event: 9.547 GC heap after
Heap after GC invocations=17 (full 0):
 garbage-first heap   total 1048576K, used 237003K [0x00000006c0000000, 0x00000006c2000100, 0x00000007c0000000)
  region size 32768K, 1 young (32768K), 1 survivors (32768K)
 Metaspace       used 50771K, capacity 55813K, committed 56060K, reserved 1097728K
  class space    used 7422K, capacity 8661K, committed 8700K, reserved 1048576K
}
Event: 9.615 GC heap before
{Heap before GC invocations=17 (full 0):
 garbage-first heap   total 1048576K, used 400843K [0x00000006c0000000, 0x00000006c2000100, 0x00000007c0000000)
  region size 32768K, 6 young (196608K), 1 survivors (32768K)
 Metaspace       used 50801K, capacity 55877K, committed 56060K, reserved 1097728K
  class space    used 7430K, capacity 8661K, committed 8700K, reserved 1048576K
Event: 9.635 GC heap after
Heap after GC invocations=18 (full 0):
 garbage-first heap   total 1048576K, used 239428K [0x00000006c0000000, 0x00000006c2000100, 0x00000007c0000000)
  region size 32768K, 1 young (32768K), 1 survivors (32768K)
 Metaspace       used 50801K, capacity 55877K, committed 56060K, reserved 1097728K
  class space    used 7430K, capacity 8661K, committed 8700K, reserved 1048576K
}
Event: 9.838 GC heap before
{Heap before GC invocations=18 (full 0):
 garbage-first heap   total 1048576K, used 632644K [0x00000006c0000000, 0x00000006c2000100, 0x00000007c0000000)
  region size 32768K, 13 young (425984K), 1 survivors (32768K)
 Metaspace       used 51050K, capacity 56095K, committed 56444K, reserved 1097728K
  class space    used 7463K, capacity 8712K, committed 8828K, reserved 1048576K
Event: 9.849 GC heap after
Heap after GC invocations=19 (full 0):
 garbage-first heap   total 1048576K, used 234414K [0x00000006c0000000, 0x00000006c2000100, 0x00000007c0000000)
  region size 32768K, 1 young (32768K), 1 survivors (32768K)
 Metaspace       used 51050K, capacity 56095K, committed 56444K, reserved 1097728K
  class space    used 7463K, capacity 8712K, committed 8828K, reserved 1048576K
}
Event: 10.169 GC heap before
{Heap before GC invocations=19 (full 0):
 garbage-first heap   total 1048576K, used 758702K [0x00000006c0000000, 0x00000006c2000100, 0x00000007c0000000)
  region size 32768K, 17 young (557056K), 1 survivors (32768K)
 Metaspace       used 51499K, capacity 56687K, committed 56828K, reserved 1097728K
  class space    used 7577K, capacity 8880K, committed 8956K, reserved 1048576K

